2021-01-21 21:19:21.983 [main] INFO . - user input: D:\Program Files\Huawei\DevEco Studio\jbr\bin\java,-j,-source,@D:/Harmony/HarmonyCalculator/.idea/code-check/java/detect.txt,-output,D:/Harmony/HarmonyCalculator/.idea/code-check/java/output.xml
2021-01-21 21:19:21.985 [main] INFO . - CodeMars Version:2.1.2.sp4
2021-01-21 21:19:22.040 [main] INFO . - starting analyzing.
2021-01-21 21:19:22.049 [main] INFO . - start collecting report.
2021-01-21 21:19:22.052 [CodeMars1] INFO . - Command: "D:\Program Files\Huawei\DevEco Studio\plugins\codecheck\lib\CodeMars\engines\SecFinder-J\bin\run_SecFinder-J.bat",-filelist,D:\Harmony\HarmonyCalculator\.idea\code-check\java\filelist_2021_01_21_21_19_22_050_46.txt,-f,xml,-default,-progress,-r,D:\Harmony\HarmonyCalculator\.idea\code-check\java\\errorreport_2021_01_21_21_19_21_748_9.xml,-ruleclasspath,file:///D:\Harmony\HarmonyCalculator\.idea\code-check\java\ruleclasspath.txt
2021-01-21 21:19:22.278 [Thread-2] INFO . - 一月 21, 2021 9:19:22 下午 com.huawei.secfinderj.SecFinderJ needScan
2021-01-21 21:19:22.278 [Thread-2] INFO . - 信息: SecFinder-J Version: 2.1.3
2021-01-21 21:19:22.362 [Thread-1] INFO . - 2021-01-21 21:19:22.323: SecFinder-J Output: Inspect start...
2021-01-21 21:19:22.461 [Thread-1] INFO . - 2021-01-21 21:19:22.461: SecFinder-J Output: Load checkers...
2021-01-21 21:19:22.607 [Thread-1] INFO . - 2021-01-21 21:19:22.607: SecFinder-J Output: Load config...
2021-01-21 21:19:22.632 [Thread-1] INFO . - 2021-01-21 21:19:22.632: SecFinder-J Output: step 1/4: Find files
2021-01-21 21:19:22.662 [Thread-1] INFO . - 2021-01-21 21:19:22.662: SecFinder-J Output: step 2/4: Process files
2021-01-21 21:19:22.705 [Thread-1] INFO . - 2021-01-21 21:19:22.705: SecFinder-J Output: step 3/4: Run analysis...
2021-01-21 21:19:22.706 [Thread-1] INFO . - 2021-01-21 21:19:22.706: SecFinder-J Output: [SecFinder-J--Thread--1] - during processing of [MainAbilitySlice.java]
2021-01-21 21:19:23.091 [Thread-1] INFO . - 2021-01-21 21:19:23.090: SecFinder-J Output: step 4/4: Result output...
2021-01-21 21:19:23.091 [Thread-1] INFO . - 2021-01-21 21:19:23.090: SecFinder-J Output: Inspect finish...
2021-01-21 21:19:23.091 [Thread-1] INFO . - Analysis result:
2021-01-21 21:19:23.091 [Thread-1] INFO . -     files analyzed      : 1
2021-01-21 21:19:23.091 [Thread-1] INFO . -     lines analyzed      : 63
2021-01-21 21:19:23.091 [Thread-1] INFO . -     rules used          : 59
2021-01-21 21:19:23.091 [Thread-1] INFO . -     issues detected     : 0
2021-01-21 21:19:23.091 [Thread-1] INFO . -     time cost(sec)      : 0
2021-01-21 21:19:23.091 [Thread-1] INFO . - 
2021-01-21 21:19:23.091 [Thread-2] INFO . - 一月 21, 2021 9:19:23 下午 com.huawei.secfinderj.override.HwPmd end
2021-01-21 21:19:23.091 [Thread-2] INFO . - 信息: SecFinder-J run successed!
2021-01-21 21:19:23.160 [CodeMars1] INFO . - start parse errorreport xml
2021-01-21 21:19:23.162 [CodeMars1] INFO . - parse xml time : 6
2021-01-21 21:19:23.162 [CodeMars1] INFO . - end parse errorreport xml
2021-01-21 21:19:23.163 [main] INFO . - end collecting report.
2021-01-21 21:19:23.163 [main] INFO . - end analyzing.
